#-----------------------------------------------------------
# Vivado v2015.2 (64-bit)
# SW Build 1266856 on Fri Jun 26 16:35:25 MDT 2015
# IP Build 1264090 on Wed Jun 24 14:22:01 MDT 2015
# Start of session at: Wed Sep 16 16:44:34 2015
# Process ID: 19368
# Log file: C:/Users/tasha/Xilprojects/habrhabr/temptep/rand_hls/solution1/impl/ip/vivado.log
# Journal file: C:/Users/tasha/Xilprojects/habrhabr/temptep/rand_hls/solution1/impl/ip\vivado.jou
#-----------------------------------------------------------
source run_ippack.tcl -notrace
INFO: [IP_Flow 19-234] Refreshing IP repositories
INFO: [IP_Flow 19-1704] No user IP repositories specified
INFO: [IP_Flow 19-2313] Loaded Vivado IP repository 'b:/Xilinx/Vivado/2015.2/data/ip'.
INFO: [IP_Flow 19-1686] Generating 'Synthesis' target for IP 'rand_top_ap_flog_11_no_dsp_32'...
INFO: [IP_Flow 19-1686] Generating 'Simulation' target for IP 'rand_top_ap_flog_11_no_dsp_32'...
INFO: [IP_Flow 19-1686] Generating 'Synthesis' target for IP 'rand_top_ap_fmul_3_max_dsp_32'...
INFO: [IP_Flow 19-1686] Generating 'Simulation' target for IP 'rand_top_ap_fmul_3_max_dsp_32'...
INFO: [IP_Flow 19-1686] Generating 'Synthesis' target for IP 'rand_top_ap_fmul_4_no_dsp_32'...
INFO: [IP_Flow 19-1686] Generating 'Simulation' target for IP 'rand_top_ap_fmul_4_no_dsp_32'...
INFO: [IP_Flow 19-1686] Generating 'Synthesis' target for IP 'rand_top_ap_fsqrt_14_no_dsp_32'...
INFO: [IP_Flow 19-1686] Generating 'Simulation' target for IP 'rand_top_ap_fsqrt_14_no_dsp_32'...
INFO: [IP_Flow 19-1686] Generating 'Synthesis' target for IP 'rand_top_ap_uitofp_4_no_dsp_32'...
INFO: [IP_Flow 19-1686] Generating 'Simulation' target for IP 'rand_top_ap_uitofp_4_no_dsp_32'...
INFO: [IP_Flow 19-234] Refreshing IP repositories
INFO: [IP_Flow 19-1704] No user IP repositories specified
INFO: [IP_Flow 19-2313] Loaded Vivado IP repository 'b:/Xilinx/Vivado/2015.2/data/ip'.
INFO: [Common 17-206] Exiting Vivado at Wed Sep 16 16:45:05 2015...
